Mapping yahoo player_id=4244 to espn player_id=412
Mapping yahoo player_id=3704 to espn player_id=218
Mapping yahoo player_id=5007 to espn player_id=968
Mapping yahoo player_id=4612 to espn player_id=622
Mapping yahoo player_id=4391 to espn player_id=508
Mapping yahoo player_id=3930 to espn player_id=322
Mapping yahoo player_id=4563 to espn player_id=633
Mapping yahoo player_id=4716 to espn player_id=719
Mapping yahoo player_id=4390 to espn player_id=527
Mapping yahoo player_id=3706 to espn player_id=219
Mapping yahoo player_id=4720 to espn player_id=740
Mapping yahoo player_id=4486 to espn player_id=499
Mapping yahoo player_id=4130 to espn player_id=346
Mapping yahoo player_id=4840 to espn player_id=852
Mapping yahoo player_id=3252 to espn player_id=109
Mapping yahoo player_id=4287 to espn player_id=426
Mapping yahoo player_id=4561 to espn player_id=630
Mapping yahoo player_id=3832 to espn player_id=268
Mapping yahoo player_id=4942 to espn player_id=882
Mapping yahoo player_id=4507 to espn player_id=483
Mapping yahoo player_id=4149 to espn player_id=377
Mapping yahoo player_id=4749 to espn player_id=720
Mapping yahoo player_id=4623 to espn player_id=640
Mapping yahoo player_id=4896 to espn player_id=860
Mapping yahoo player_id=4487 to espn player_id=476
Mapping yahoo player_id=5012 to espn player_id=991
Mapping yahoo player_id=4325 to espn player_id=466
Mapping yahoo player_id=4152 to espn player_id=368
Mapping yahoo player_id=3118 to espn player_id=22
Mapping yahoo player_id=3966 to espn player_id=302
Mapping yahoo player_id=4246 to espn player_id=406
Mapping yahoo player_id=5162 to espn player_id=1120
Mapping yahoo player_id=4890 to espn player_id=889
Mapping yahoo player_id=4136 to espn player_id=362
Mapping yahoo player_id=4175 to espn player_id=369
Mapping yahoo player_id=3513 to espn player_id=162
Mapping yahoo player_id=4245 to espn player_id=419
Mapping yahoo player_id=3707 to espn player_id=220
Mapping yahoo player_id=3818 to espn player_id=264
Mapping yahoo player_id=3956 to espn player_id=317
Mapping yahoo player_id=5015 to espn player_id=970
Mapping yahoo player_id=3527 to espn player_id=170
Mapping yahoo player_id=4472 to espn player_id=507
Mapping yahoo player_id=3708 to espn player_id=227
Mapping yahoo player_id=4290 to espn player_id=440
Mapping yahoo player_id=4892 to espn player_id=885
Mapping yahoo player_id=5153 to espn player_id=1099
Mapping yahoo player_id=4897 to espn player_id=888
Mapping yahoo player_id=4610 to espn player_id=705
Mapping yahoo player_id=4497 to espn player_id=502
Mapping yahoo player_id=3929 to espn player_id=332
Mapping yahoo player_id=4694 to espn player_id=676
Mapping yahoo player_id=4920 to espn player_id=876
Mapping yahoo player_id=3843 to espn player_id=269
Mapping yahoo player_id=4624 to espn player_id=646
Mapping yahoo player_id=4622 to espn player_id=636
Mapping yahoo player_id=5009 to espn player_id=965
Mapping yahoo player_id=4614 to espn player_id=624
Mapping yahoo player_id=4387 to espn player_id=515
Mapping yahoo player_id=3834 to espn player_id=271
Mapping yahoo player_id=4889 to espn player_id=858
Mapping yahoo player_id=4305 to espn player_id=400
Mapping yahoo player_id=4718 to espn player_id=739
Mapping yahoo player_id=4724 to espn player_id=731
Mapping yahoo player_id=4904 to espn player_id=843
Mapping yahoo player_id=4483 to espn player_id=472
Mapping yahoo player_id=3173 to espn player_id=38
Mapping yahoo player_id=3983 to espn player_id=308
Mapping yahoo player_id=4722 to espn player_id=742
Mapping yahoo player_id=3824 to espn player_id=280
Mapping yahoo player_id=4493 to espn player_id=512
Mapping yahoo player_id=4912 to espn player_id=840
Mapping yahoo player_id=4771 to espn player_id=726
Mapping yahoo player_id=3860 to espn player_id=278
Mapping yahoo player_id=4247 to espn player_id=417
Mapping yahoo player_id=4564 to espn player_id=627
Mapping yahoo player_id=3531 to espn player_id=172
Mapping yahoo player_id=4631 to espn player_id=629
Mapping yahoo player_id=4615 to espn player_id=637
Mapping yahoo player_id=3835 to espn player_id=284
Unable to find Nene  espn id=193
Mapping yahoo player_id=4301 to espn player_id=405
Mapping yahoo player_id=4288 to espn player_id=418
Mapping yahoo player_id=3721 to espn player_id=249
Mapping yahoo player_id=5160 to espn player_id=1114
Mapping yahoo player_id=3253 to espn player_id=119
Mapping yahoo player_id=4469 to espn player_id=491
Mapping yahoo player_id=4477 to espn player_id=506
Mapping yahoo player_id=4135 to espn player_id=361
Mapping yahoo player_id=3837 to espn player_id=283
Mapping yahoo player_id=4139 to espn player_id=375
Mapping yahoo player_id=4901 to espn player_id=850
Mapping yahoo player_id=3989 to espn player_id=336
Mapping yahoo player_id=3520 to espn player_id=167
Mapping yahoo player_id=4646 to espn player_id=642
Mapping yahoo player_id=4886 to espn player_id=887
Mapping yahoo player_id=3754 to espn player_id=238
Mapping yahoo player_id=3407 to espn player_id=29
Mapping yahoo player_id=5014 to espn player_id=1004
Mapping yahoo player_id=3927 to espn player_id=298
Mapping yahoo player_id=3982 to espn player_id=315
Mapping yahoo player_id=4481 to espn player_id=497
Mapping yahoo player_id=5010 to espn player_id=1013
Mapping yahoo player_id=4906 to espn player_id=853
Mapping yahoo player_id=3944 to espn player_id=311
Mapping yahoo player_id=4468 to espn player_id=488
Mapping yahoo player_id=5157 to espn player_id=1129
Mapping yahoo player_id=5024 to espn player_id=982
Mapping yahoo player_id=5020 to espn player_id=977
Mapping yahoo player_id=4294 to espn player_id=439
Mapping yahoo player_id=3512 to espn player_id=156
Mapping yahoo player_id=4894 to espn player_id=871
Mapping yahoo player_id=3847 to espn player_id=274
Mapping yahoo player_id=4613 to espn player_id=635
Mapping yahoo player_id=4632 to espn player_id=619
Mapping yahoo player_id=4647 to espn player_id=702
Mapping yahoo player_id=4795 to espn player_id=783
Mapping yahoo player_id=5191 to espn player_id=1110
Mapping yahoo player_id=5055 to espn player_id=1009
Mapping yahoo player_id=3332 to espn player_id=86
Mapping yahoo player_id=4750 to espn player_id=722
Mapping yahoo player_id=4893 to espn player_id=839
Mapping yahoo player_id=3826 to espn player_id=265
Mapping yahoo player_id=5073 to espn player_id=994
Mapping yahoo player_id=3607 to espn player_id=204
Mapping yahoo player_id=4471 to espn player_id=475
Mapping yahoo player_id=4496 to espn player_id=479
Mapping yahoo player_id=3380 to espn player_id=49
Mapping yahoo player_id=4479 to espn player_id=496
Unable to find Louis Williams espn id=333
Mapping yahoo player_id=4488 to espn player_id=498
Mapping yahoo player_id=5158 to espn player_id=1112
Mapping yahoo player_id=4333 to espn player_id=429
Mapping yahoo player_id=4626 to espn player_id=621
Mapping yahoo player_id=4651 to espn player_id=652
Mapping yahoo player_id=5185 to espn player_id=1136
Mapping yahoo player_id=3962 to espn player_id=651
Mapping yahoo player_id=4884 to espn player_id=884
Mapping yahoo player_id=5194 to espn player_id=1100
Mapping yahoo player_id=4660 to espn player_id=706
Mapping yahoo player_id=4898 to espn player_id=878
Mapping yahoo player_id=4285 to espn player_id=403
Mapping yahoo player_id=4293 to espn player_id=432
Mapping yahoo player_id=4794 to espn player_id=782
Mapping yahoo player_id=4899 to espn player_id=857
Mapping yahoo player_id=5008 to espn player_id=986
Mapping yahoo player_id=3821 to espn player_id=596
Mapping yahoo player_id=4617 to espn player_id=634
Mapping yahoo player_id=3248 to espn player_id=26
Mapping yahoo player_id=3632 to espn player_id=185
Mapping yahoo player_id=3931 to espn player_id=303
Mapping yahoo player_id=4730 to espn player_id=747
Mapping yahoo player_id=4296 to espn player_id=402
Mapping yahoo player_id=3724 to espn player_id=245
Mapping yahoo player_id=4484 to espn player_id=504
Mapping yahoo player_id=3934 to espn player_id=304
Mapping yahoo player_id=5019 to espn player_id=992
Mapping yahoo player_id=3598 to espn player_id=184
Mapping yahoo player_id=3601 to espn player_id=189
Mapping yahoo player_id=4717 to espn player_id=721
Mapping yahoo player_id=3643 to espn player_id=206
Mapping yahoo player_id=5083 to espn player_id=1000
Mapping yahoo player_id=3948 to espn player_id=314
Mapping yahoo player_id=4129 to espn player_id=350
Mapping yahoo player_id=5111 to espn player_id=1039
Mapping yahoo player_id=3534 to espn player_id=160
Mapping yahoo player_id=5060 to espn player_id=1001
Mapping yahoo player_id=3842 to espn player_id=258
Mapping yahoo player_id=3608 to espn player_id=186
Mapping yahoo player_id=4499 to espn player_id=474
Mapping yahoo player_id=4621 to espn player_id=639
Mapping yahoo player_id=4286 to espn player_id=438
Mapping yahoo player_id=3103 to espn player_id=106
Unable to find James Anderson espn id=724
Mapping yahoo player_id=4480 to espn player_id=511
Mapping yahoo player_id=5013 to espn player_id=963
Mapping yahoo player_id=4389 to espn player_id=509
Unable to find Andray Blatche espn id=297
Mapping yahoo player_id=4314 to espn player_id=424
Mapping yahoo player_id=3602 to espn player_id=192
Unable to find Ray Allen espn id=2
Mapping yahoo player_id=4306 to espn player_id=781
Mapping yahoo player_id=4759 to espn player_id=773
Mapping yahoo player_id=4154 to espn player_id=360
Mapping yahoo player_id=5152 to espn player_id=1131
Mapping yahoo player_id=3007 to espn player_id=45
Mapping yahoo player_id=3533 to espn player_id=177
Mapping yahoo player_id=5105 to espn player_id=1032
Mapping yahoo player_id=4910 to espn player_id=841
Mapping yahoo player_id=3741 to espn player_id=228
Mapping yahoo player_id=5102 to espn player_id=1025
Mapping yahoo player_id=4719 to espn player_id=729
Unable to find Andrew Bynum espn id=299
Mapping yahoo player_id=3831 to espn player_id=281
Mapping yahoo player_id=5163 to espn player_id=1128
Mapping yahoo player_id=3932 to espn player_id=330
Mapping yahoo player_id=4729 to espn player_id=746
Mapping yahoo player_id=3928 to espn player_id=331
Mapping yahoo player_id=4304 to espn player_id=404
Mapping yahoo player_id=3947 to espn player_id=324
Mapping yahoo player_id=4723 to espn player_id=730
Mapping yahoo player_id=5206 to espn player_id=1104
Mapping yahoo player_id=3709 to espn player_id=225
Mapping yahoo player_id=5018 to espn player_id=988
Mapping yahoo player_id=4313 to espn player_id=410
Unable to find Jordan Crawford espn id=725
Mapping yahoo player_id=3943 to espn player_id=310
Mapping yahoo player_id=3959 to espn player_id=296
Mapping yahoo player_id=5218 to espn player_id=1084
Mapping yahoo player_id=4485 to espn player_id=503
Unable to find MarShon Brooks espn id=838
Mapping yahoo player_id=3750 to espn player_id=250
Mapping yahoo player_id=3710 to espn player_id=224
Mapping yahoo player_id=4883 to espn player_id=890
Mapping yahoo player_id=5164 to espn player_id=1093
Mapping yahoo player_id=4888 to espn player_id=837
Mapping yahoo player_id=5156 to espn player_id=1119
Mapping yahoo player_id=5059 to espn player_id=1015
Mapping yahoo player_id=5021 to espn player_id=976
Mapping yahoo player_id=5155 to espn player_id=1113
Mapping yahoo player_id=3347 to espn player_id=77
Mapping yahoo player_id=5154 to espn player_id=1118
Mapping yahoo player_id=4473 to espn player_id=477
Unable to find Metta World Peace espn id=7
Unable to find Carlos Delfino espn id=232
Mapping yahoo player_id=4300 to espn player_id=411
Mapping yahoo player_id=3653 to espn player_id=210
Mapping yahoo player_id=3717 to espn player_id=226
Unable to find Emeka Okafor* espn id=270
Mapping yahoo player_id=3404 to espn player_id=99
Mapping yahoo player_id=3331 to espn player_id=98
Mapping yahoo player_id=3515 to espn player_id=173
Mapping yahoo player_id=5159 to espn player_id=1116
Mapping yahoo player_id=3836 to espn player_id=277
Mapping yahoo player_id=4748 to espn player_id=771
Mapping yahoo player_id=5188 to espn player_id=1121
Mapping yahoo player_id=4649 to espn player_id=618
Mapping yahoo player_id=3333 to espn player_id=137
Mapping yahoo player_id=5165 to espn player_id=1132
Mapping yahoo player_id=3822 to espn player_id=262
Mapping yahoo player_id=3663 to espn player_id=214
Mapping yahoo player_id=3960 to espn player_id=321
Mapping yahoo player_id=5161 to espn player_id=1095
Mapping yahoo player_id=4309 to espn player_id=421
Unable to find Byron Mullens espn id=643
Mapping yahoo player_id=4648 to espn player_id=648
Unable to find Alonzo Gee espn id=714
Mapping yahoo player_id=4474 to espn player_id=521
Mapping yahoo player_id=4141 to espn player_id=379
Mapping yahoo player_id=3845 to espn player_id=286
Mapping yahoo player_id=5011 to espn player_id=1003
Mapping yahoo player_id=4619 to espn player_id=620
Mapping yahoo player_id=4388 to espn player_id=478
Mapping yahoo player_id=5099 to espn player_id=1024
Unable to find Jermaine O'Neal espn id=111
Mapping yahoo player_id=4728 to espn player_id=741
Mapping yahoo player_id=5023 to espn player_id=1016
Mapping yahoo player_id=3995 to espn player_id=957
Unable to find Chauncey Billups espn id=13
Mapping yahoo player_id=4153 to espn player_id=353
Unable to find Damien Wilkins espn id=291
Unable to find Shane Battier espn id=154
Mapping yahoo player_id=3820 to espn player_id=261
Unable to find Antawn Jamison espn id=70
Mapping yahoo player_id=3624 to espn player_id=203
Mapping yahoo player_id=3324 to espn player_id=19
Mapping yahoo player_id=3621 to espn player_id=201
Unable to find Al Harrington espn id=56
Mapping yahoo player_id=4203 to espn player_id=394
Unable to find Gustavo Ayon espn id=950
Mapping yahoo player_id=4298 to espn player_id=430
Unable to find Brandon Roy espn id=378
Mapping yahoo player_id=4160 to espn player_id=370
Unable to find Royce White espn id=1014
Mapping yahoo player_id=4527 to espn player_id=533
Mapping yahoo player_id=5095 to espn player_id=1020
Mapping yahoo player_id=3415 to espn player_id=141
Mapping yahoo player_id=3745 to espn player_id=240
Mapping yahoo player_id=5016 to espn player_id=1002
Unable to find Lamar Odom espn id=112
Mapping yahoo player_id=4475 to espn player_id=516
Unable to find Marcus Camby espn id=24
Unable to find Stephen Jackson espn id=68
Mapping yahoo player_id=4754 to espn player_id=752
Mapping yahoo player_id=3731 to espn player_id=244
Unable to find Corey Maggette espn id=83
Unable to find Delonte West espn id=276
Unable to find Anthony Randolph espn id=514
Mapping yahoo player_id=3532 to espn player_id=164
Unable to find Rodrigue Beaubois espn id=615
Unable to find Jan Vesely espn id=833
Mapping yahoo player_id=4770 to espn player_id=756
Unable to find Kwame Brown espn id=155
Mapping yahoo player_id=4836 to espn player_id=789
Mapping yahoo player_id=3954 to espn player_id=318
Unable to find Rashard Lewis espn id=80
Unable to find Nando de Colo espn id=1026
Mapping yahoo player_id=3523 to espn player_id=166
Mapping yahoo player_id=4721 to espn player_id=743
Mapping yahoo player_id=4725 to espn player_id=733
Unable to find Grant Hill espn id=58
Unable to find Tyrus Thomas espn id=383
Mapping yahoo player_id=3730 to espn player_id=241
Unable to find Richard Hamilton espn id=52
Mapping yahoo player_id=4478 to espn player_id=519
Mapping yahoo player_id=4714 to espn player_id=717
Mapping yahoo player_id=4618 to espn player_id=632
Unable to find DeShawn Stevenson espn id=132
Mapping yahoo player_id=4023 to espn player_id=342
Mapping yahoo player_id=4628 to espn player_id=614
Mapping yahoo player_id=3933 to espn player_id=327
Unable to find Andris Biedrins espn id=279
Mapping yahoo player_id=4354 to espn player_id=447
Unable to find Jerry Stackhouse espn id=131
Unable to find Chris Wilcox espn id=205
Unable to find Samardo Samuels espn id=790
Unable to find Charles Jenkins espn id=854
Unable to find Daniel Gibson espn id=363
Mapping yahoo player_id=3715 to espn player_id=221
Mapping yahoo player_id=4498 to espn player_id=510
Mapping yahoo player_id=4921 to espn player_id=886
Unable to find Kelenna Azubuike espn id=340
Unable to find Hakim Warrick espn id=329
Mapping yahoo player_id=3765 to espn player_id=251
Unable to find Daequan Cook espn id=407
Unable to find Baron Davis espn id=34
Unable to find Eric Maynor espn id=641
Unable to find Toney Douglas espn id=625
Mapping yahoo player_id=3752 to espn player_id=236
Mapping yahoo player_id=4620 to espn player_id=623
Mapping yahoo player_id=4642 to espn player_id=616
Mapping yahoo player_id=4891 to espn player_id=844
Mapping yahoo player_id=4489 to espn player_id=473
Unable to find Ronnie Brewer espn id=352
Mapping yahoo player_id=5063 to espn player_id=1011
Mapping yahoo player_id=4644 to espn player_id=638
Mapping yahoo player_id=3963 to espn player_id=326
Unable to find Jared Jeffries espn id=195
Mapping yahoo player_id=5017 to espn player_id=990
Mapping yahoo player_id=3949 to espn player_id=305
Mapping yahoo player_id=4900 to espn player_id=880
Unable to find Ben Wallace espn id=147
Mapping yahoo player_id=4371 to espn player_id=469
Mapping yahoo player_id=5064 to espn player_id=972
Unable to find Fab Melo espn id=993
Mapping yahoo player_id=4562 to espn player_id=647
Mapping yahoo player_id=3952 to espn player_id=319
Unable to find Linas Kleiza espn id=316
Mapping yahoo player_id=4179 to espn player_id=364
Mapping yahoo player_id=4559 to espn player_id=608
Unable to find Greg Oden espn id=468
Unable to find Nolan Smith espn id=881
Mapping yahoo player_id=4786 to espn player_id=778
Mapping yahoo player_id=4753 to espn player_id=776
Unable to find Lester Hudson espn id=699
Unable to find Troy Murphy espn id=168
Unable to find Darko Milicic espn id=246
Unable to find Gilbert Arenas espn id=153
Unable to find Sam Young espn id=650
Unable to find Tracy McGrady espn id=94
Mapping yahoo player_id=4145 to espn player_id=385
Unable to find Josh Childress espn id=259
Unable to find Derek Fisher espn id=41
Mapping yahoo player_id=4710 to espn player_id=712
Unable to find Donte Greene espn id=492
Unable to find Terrence Williams espn id=649
Unable to find Jonny Flynn espn id=628
Mapping yahoo player_id=4796 to espn player_id=784
Unable to find Bill Walker espn id=523
Unable to find Jason Kidd espn id=76
Unable to find Mickael Pietrus espn id=248
Mapping yahoo player_id=3650 to espn player_id=207
Unable to find Kenyon Martin espn id=90
Unable to find Mike Bibby espn id=12
Unable to find Quentin Richardson espn id=125
Mapping yahoo player_id=4339 to espn player_id=442
Unable to find Earl Watson espn id=178
Unable to find Raja Bell espn id=11
Mapping yahoo player_id=3999 to espn player_id=459
Unable to find Rudy Fernandez espn id=465
Unable to find Josh Howard espn id=234
Mapping yahoo player_id=3726 to espn player_id=239
Mapping yahoo player_id=4895 to espn player_id=872
Unable to find Andres Nocioni espn id=288
Mapping yahoo player_id=4755 to espn player_id=734
Unable to find Peja Stojakovic espn id=133
Unable to find Ryan Gomes espn id=307
Unable to find Antonio McDyess espn id=93
Unable to find Christian Eyenga espn id=786
Unable to find Al Thornton espn id=433
Unable to find Yi Jianlian espn id=420
Mapping yahoo player_id=3748 to espn player_id=230
Unable to find Brad Miller espn id=97
Unable to find Mehmet Okur espn id=169
Unable to find Jamario Moon espn id=443
Unable to find Joel Przybilla espn id=122
Unable to find Sasha Vujacic espn id=275
Mapping yahoo player_id=4502 to espn player_id=482
Unable to find Craig Smith espn id=382
Unable to find Anthony Parker espn id=115
Unable to find Kurt Thomas espn id=138
Unable to find Manny Harris espn id=829
Mapping yahoo player_id=4727 to espn player_id=723
Mapping yahoo player_id=5062 to espn player_id=983
Mapping yahoo player_id=4902 to espn player_id=874
